warning: Tag `CLANG_ASSISTED_PARSING' at line 1082 of file `/home/travis/build/adafruit/Adafruit_FT6206_Library/Doxyfile' belongs to an option that was not enabled at compile time.
         To avoid this warning please remove this line from your configuration file or upgrade it using "doxygen -u", or recompile doxygen with this feature enabled.
warning: Tag `CLANG_OPTIONS' at line 1090 of file `/home/travis/build/adafruit/Adafruit_FT6206_Library/Doxyfile' belongs to an option that was not enabled at compile time.
         To avoid this warning please remove this line from your configuration file or upgrade it using "doxygen -u", or recompile doxygen with this feature enabled.
/home/travis/build/adafruit/Adafruit_FT6206_Library/Adafruit_FT6206.h:59: warning: Compound Adafruit_FT6206 is not documented.
/home/travis/build/adafruit/Adafruit_FT6206_Library/Adafruit_FT6206.h:48: warning: Compound TS_Point is not documented.
/home/travis/build/adafruit/Adafruit_FT6206_Library/Adafruit_FT6206.h:51: warning: Member TS_Point(int16_t x, int16_t y, int16_t z) (function) of class TS_Point is not documented.
/home/travis/build/adafruit/Adafruit_FT6206_Library/Adafruit_FT6206.h:53: warning: Member operator==(TS_Point) (function) of class TS_Point is not documented.
/home/travis/build/adafruit/Adafruit_FT6206_Library/Adafruit_FT6206.h:54: warning: Member operator!=(TS_Point) (function) of class TS_Point is not documented.
/home/travis/build/adafruit/Adafruit_FT6206_Library/Adafruit_FT6206.h:56: warning: Member x (variable) of class TS_Point is not documented.
/home/travis/build/adafruit/Adafruit_FT6206_Library/Adafruit_FT6206.h:56: warning: Member y (variable) of class TS_Point is not documented.
/home/travis/build/adafruit/Adafruit_FT6206_Library/Adafruit_FT6206.h:56: warning: Member z (variable) of class TS_Point is not documented.
Searching for include files...
Searching for example files...
Searching for images...
Searching for dot files...
Searching for msc files...
Searching for dia files...
Searching for files to exclude
Searching INPUT for files to process...
Searching for files in directory /home/travis/build/adafruit/Adafruit_FT6206_Library
Reading and parsing tag files
Parsing files
Preprocessing /home/travis/build/adafruit/Adafruit_FT6206_Library/Adafruit_FT6206.cpp...
Parsing file /home/travis/build/adafruit/Adafruit_FT6206_Library/Adafruit_FT6206.cpp...
Preprocessing /home/travis/build/adafruit/Adafruit_FT6206_Library/Adafruit_FT6206.h...
Parsing file /home/travis/build/adafruit/Adafruit_FT6206_Library/Adafruit_FT6206.h...
Reading /home/travis/build/adafruit/Adafruit_FT6206_Library/README.md...
Building group list...
Building directory list...
Building namespace list...
Building file list...
Building class list...
Associating documentation with classes...
Computing nesting relations for classes...
Building example list...
Searching for enumerations...
Searching for documented typedefs...
Searching for members imported via using declarations...
Searching for included using directives...
Searching for documented variables...
Building interface member list...
Building member list...
Searching for friends...
Searching for documented defines...
Computing class inheritance relations...
Computing class usage relations...
Flushing cached template relations that have become invalid...
Computing class relations...
Add enum values to enums...
Searching for member function documentation...
Creating members for template instances...
Building page list...
Search for main page...
Computing page relations...
Determining the scope of groups...
Sorting lists...
Freeing entry tree
Determining which enums are documented
Computing member relations...
Building full member lists recursively...
Adding members to member groups.
Computing member references...
Inheriting documentation...
Generating disk names...
Adding source references...
Adding xrefitems...
Sorting member lists...
Computing dependencies between directories...
Generating citations page...
Counting data structures...
Resolving user defined references...
Finding anchors and sections in the documentation...
Transferring function references...
Combining using relations...
Adding members to index pages...
Generating style sheet...
Generating search indices...
Generating example documentation...
Generating file sources...
Generating code for file /home/travis/build/adafruit/Adafruit_FT6206_Library/Adafruit_FT6206.h...
Generating file documentation...
Generating page documentation...
Generating docs for page md__home_travis_build_adafruit_Adafruit_FT6206_Library_README...
Generating group documentation...
Generating class documentation...
Generating docs for compound Adafruit_FT6206...
Generating docs for compound TS_Point...
Generating namespace index...
Generating graph info page...
Generating directory documentation...
Generating index page...
Generating page index...
Generating module index...
Generating namespace index...
Generating namespace member index...
Generating annotated compound index...
Generating alphabetical compound index...
Generating hierarchical class index...
Generating member index...
Generating file index...
Generating file member index...
Generating example index...
finalizing index lists...
writing tag file...
lookup cache used 25/65536 hits=110 misses=26
finished...
